e:\swigwin-4.0.1\examples\csharp\simple\win32\debug\vc141.pdb
e:\swigwin-4.0.1\examples\csharp\simple\win32\debug\vc141.idb
e:\swigwin-4.0.1\examples\csharp\simple\win32\debug\example.obj
e:\swigwin-4.0.1\examples\csharp\simple\win32\debug\example_wrap.obj
e:\swigwin-4.0.1\examples\csharp\simple\example_wrap.c
e:\swigwin-4.0.1\examples\csharp\simple\win32\debug\example.lib
e:\swigwin-4.0.1\examples\csharp\simple\win32\debug\example.exp
e:\swigwin-4.0.1\examples\csharp\simple\win32\debug\vcpkg.applocal.log
e:\swigwin-4.0.1\examples\csharp\simple\win32\debug\example.ilk
e:\swigwin-4.0.1\examples\csharp\simple\win32\debug\example.dll
e:\swigwin-4.0.1\examples\csharp\simple\win32\debug\example.pdb
e:\swigwin-4.0.1\examples\csharp\simple\win32\debug\example.tlog\cl.command.1.tlog
e:\swigwin-4.0.1\examples\csharp\simple\win32\debug\example.tlog\cl.read.1.tlog
e:\swigwin-4.0.1\examples\csharp\simple\win32\debug\example.tlog\cl.write.1.tlog
e:\swigwin-4.0.1\examples\csharp\simple\win32\debug\example.tlog\custombuild.command.1.tlog
e:\swigwin-4.0.1\examples\csharp\simple\win32\debug\example.tlog\custombuild.read.1.tlog
e:\swigwin-4.0.1\examples\csharp\simple\win32\debug\example.tlog\custombuild.write.1.tlog
e:\swigwin-4.0.1\examples\csharp\simple\win32\debug\example.tlog\example.write.1u.tlog
e:\swigwin-4.0.1\examples\csharp\simple\win32\debug\example.tlog\link.command.1.tlog
e:\swigwin-4.0.1\examples\csharp\simple\win32\debug\example.tlog\link.read.1.tlog
e:\swigwin-4.0.1\examples\csharp\simple\win32\debug\example.tlog\link.write.1.tlog
